Analysis & Synthesis report for choose
Tue Nov 27 18:59:18 2007
Version 4.2 Build 157 12/07/2004 SJ Full Version


---------------------
; Table of Contents ;
---------------------
  1. Legal Notice
  2. Analysis & Synthesis Summary
  3. Analysis & Synthesis Settings
  4. Hierarchy
  5. Analysis & Synthesis Resource Utilization by Entity
  6. Analysis & Synthesis Equations
  7. Analysis & Synthesis Source Files Read
  8. Analysis & Synthesis Resource Usage Summary
  9. WYSIWYG Cells
 10. General Register Statistics
 11. Analysis & Synthesis Messages



----------------
; Legal Notice ;
----------------
Copyright (C) 1991-2004 Altera Corporation
Any  megafunction  design,  and related netlist (encrypted  or  decrypted),
support information,  device programming or simulation file,  and any other
associated  documentation or information  provided by  Altera  or a partner
under  Altera's   Megafunction   Partnership   Program  may  be  used  only
to program  PLD  devices (but not masked  PLD  devices) from  Altera.   Any
other  use  of such  megafunction  design,  netlist,  support  information,
device programming or simulation file,  or any other  related documentation
or information  is prohibited  for  any  other purpose,  including, but not
limited to  modification,  reverse engineering,  de-compiling, or use  with
any other  silicon devices,  unless such use is  explicitly  licensed under
a separate agreement with  Altera  or a megafunction partner.  Title to the
intellectual property,  including patents,  copyrights,  trademarks,  trade
secrets,  or maskworks,  embodied in any such megafunction design, netlist,
support  information,  device programming or simulation file,  or any other
related documentation or information provided by  Altera  or a megafunction
partner, remains with Altera, the megafunction partner, or their respective
licensors. No other licenses, including any licenses needed under any third
party's intellectual property, are provided herein.



+------------------------------------------------------------------------+
; Analysis & Synthesis Summary                                           ;
+-----------------------------+------------------------------------------+
; Analysis & Synthesis Status ; Successful - Tue Nov 27 18:59:18 2007    ;
; Quartus II Version          ; 4.2 Build 157 12/07/2004 SJ Full Version ;
; Revision Name               ; choose                                   ;
; Top-level Entity Name       ; choose1                                  ;
; Family                      ; FLEX10K                                  ;
; Total logic elements        ; 40                                       ;
; Total pins                  ; 15                                       ;
; Total memory bits           ; 0                                        ;
+-----------------------------+------------------------------------------+


+----------------------------------------------------------------------------------------+
; Analysis & Synthesis Settings                                                          ;
+------------------------------------------------------+-----------------+---------------+
; Option                                               ; Setting         ; Default Value ;
+------------------------------------------------------+-----------------+---------------+
; Device                                               ; EPF10K10TC144-4 ;               ;
; Family name                                          ; FLEX10K         ; Stratix       ;
; Top-level entity name                                ; choose1         ; choose        ;
; Use smart compilation                                ; Normal          ; Normal        ;
; Create Debugging Nodes for IP Cores                  ; off             ; off           ;
; Preserve fewer node names                            ; On              ; On            ;
; Disable OpenCore Plus hardware evaluation            ; Off             ; Off           ;
; Verilog Version                                      ; Verilog_2001    ; Verilog_2001  ;
; VHDL Version                                         ; VHDL93          ; VHDL93        ;
; State Machine Processing                             ; Auto            ; Auto          ;
; Extract Verilog State Machines                       ; On              ; On            ;
; Extract VHDL State Machines                          ; On              ; On            ;
; NOT Gate Push-Back                                   ; On              ; On            ;
; Power-Up Don't Care                                  ; On              ; On            ;
; Remove Redundant Logic Cells                         ; Off             ; Off           ;
; Remove Duplicate Registers                           ; On              ; On            ;
; Ignore CARRY Buffers                                 ; Off             ; Off           ;
; Ignore CASCADE Buffers                               ; Off             ; Off           ;
; Ignore GLOBAL Buffers                                ; Off             ; Off           ;
; Ignore ROW GLOBAL Buffers                            ; Off             ; Off           ;
; Ignore LCELL Buffers                                 ; Off             ; Off           ;
; Ignore SOFT Buffers                                  ; On              ; On            ;
; Limit AHDL Integers to 32 Bits                       ; Off             ; Off           ;
; Auto Implement in ROM                                ; Off             ; Off           ;
; Optimization Technique -- FLEX 10K/10KE/10KA/ACEX 1K ; Area            ; Area          ;
; Carry Chain Length -- FLEX 10K                       ; 32              ; 32            ;
; Cascade Chain Length                                 ; 2               ; 2             ;
; Auto Carry Chains                                    ; On              ; On            ;
; Auto Open-Drain Pins                                 ; On              ; On            ;
; Remove Duplicate Logic                               ; On              ; On            ;
; Auto ROM Replacement                                 ; On              ; On            ;
; Auto RAM Replacement                                 ; On              ; On            ;
; Auto Clock Enable Replacement                        ; On              ; On            ;
; Auto Resource Sharing                                ; Off             ; Off           ;
; Allow Any RAM Size For Recognition                   ; Off             ; Off           ;
; Allow Any ROM Size For Recognition                   ; Off             ; Off           ;
+------------------------------------------------------+-----------------+---------------+


+-----------+
; Hierarchy ;
+-----------+
choose1
 |-- choose:inst
      |-- 7490:inst
      |-- 7490:inst1
      |-- 7490:inst2
      |-- 7490:inst3
      |-- 7490:inst4
      |-- 7490:inst5
      |-- 7490:inst6
 |-- 74151:inst1
      |-- f74151:sub
 |-- 74138:inst2


+----------------------------------------------------------------------------------------------------------------------------------------------------------------------------------------+
; Analysis & Synthesis Resource Utilization by Entity                                                                                                                                    ;
+----------------------------+-------------+--------------+-------------+------+--------------+-------------------+------------------+-----------------+---------------------------------+
; Compilation Hierarchy Node ; Logic Cells ; LC Registers ; Memory Bits ; Pins ; LUT-Only LCs ; Register-Only LCs ; LUT/Register LCs ; Carry Chain LCs ; Full Hierarchy Name             ;
+----------------------------+-------------+--------------+-------------+------+--------------+-------------------+------------------+-----------------+---------------------------------+
; |choose1                   ; 40 (0)      ; 28           ; 0           ; 15   ; 12 (0)       ; 14 (0)            ; 14 (0)           ; 0 (0)           ; |choose1                        ;
;    |74138:inst2|           ; 8 (8)       ; 0            ; 0           ; 0    ; 8 (8)        ; 0 (0)             ; 0 (0)            ; 0 (0)           ; |choose1|74138:inst2            ;
;    |74151:inst1|           ; 4 (0)       ; 0            ; 0           ; 0    ; 4 (0)        ; 0 (0)             ; 0 (0)            ; 0 (0)           ; |choose1|74151:inst1            ;
;       |f74151:sub|         ; 4 (4)       ; 0            ; 0           ; 0    ; 4 (4)        ; 0 (0)             ; 0 (0)            ; 0 (0)           ; |choose1|74151:inst1|f74151:sub ;
;    |choose:inst|           ; 28 (0)      ; 28           ; 0           ; 0    ; 0 (0)        ; 14 (0)            ; 14 (0)           ; 0 (0)           ; |choose1|choose:inst            ;
;       |7490:inst1|         ; 4 (4)       ; 4            ; 0           ; 0    ; 0 (0)        ; 2 (2)             ; 2 (2)            ; 0 (0)           ; |choose1|choose:inst|7490:inst1 ;
;       |7490:inst2|         ; 4 (4)       ; 4            ; 0           ; 0    ; 0 (0)        ; 2 (2)             ; 2 (2)            ; 0 (0)           ; |choose1|choose:inst|7490:inst2 ;
;       |7490:inst3|         ; 4 (4)       ; 4            ; 0           ; 0    ; 0 (0)        ; 2 (2)             ; 2 (2)            ; 0 (0)           ; |choose1|choose:inst|7490:inst3 ;
;       |7490:inst4|         ; 4 (4)       ; 4            ; 0           ; 0    ; 0 (0)        ; 2 (2)             ; 2 (2)            ; 0 (0)           ; |choose1|choose:inst|7490:inst4 ;
;       |7490:inst5|         ; 4 (4)       ; 4            ; 0           ; 0    ; 0 (0)        ; 2 (2)             ; 2 (2)            ; 0 (0)           ; |choose1|choose:inst|7490:inst5 ;
;       |7490:inst6|         ; 4 (4)       ; 4            ; 0           ; 0    ; 0 (0)        ; 2 (2)             ; 2 (2)            ; 0 (0)           ; |choose1|choose:inst|7490:inst6 ;
;       |7490:inst|          ; 4 (4)       ; 4            ; 0           ; 0    ; 0 (0)        ; 2 (2)             ; 2 (2)            ; 0 (0)           ; |choose1|choose:inst|7490:inst  ;
+----------------------------+-------------+--------------+-------------+------+--------------+-------------------+------------------+-----------------+---------------------------------+


+--------------------------------+
; Analysis & Synthesis Equations ;
+--------------------------------+
The equations can be found in D:/061300423/choose/choose.map.eqn.


+---------------------------------------------------------------------------------------------------------------+
; Analysis & Synthesis Source Files Read                                                                        ;
+----------------------------------+-----------------+----------------------------------------------------------+
; File Name with User-Entered Path ; Used in Netlist ; File Name with Absolute Path                             ;
+----------------------------------+-----------------+----------------------------------------------------------+
; choose.bdf                       ; yes             ; D:/061300423/choose/choose.bdf                           ;
; choose1.bdf                      ; yes             ; D:/061300423/choose/choose1.bdf                          ;
; 74138.bdf                        ; yes             ; c:/altera/quartus42/libraries/others/maxplus2/74138.bdf  ;
; 74151.tdf                        ; yes             ; c:/altera/quartus42/libraries/others/maxplus2/74151.tdf  ;
; aglobal.inc                      ; yes             ; c:/altera/quartus42/libraries/megafunctions/aglobal.inc  ;
; f74151.bdf                       ; yes             ; c:/altera/quartus42/libraries/others/maxplus2/f74151.bdf ;
; 7490.bdf                         ; yes             ; c:/altera/quartus42/libraries/others/maxplus2/7490.bdf   ;
+----------------------------------+-----------------+----------------------------------------------------------+


+---------------------------------------------+
; Analysis & Synthesis Resource Usage Summary ;
+---------------------------------+-----------+
; Resource                        ; Usage     ;
+---------------------------------+-----------+
; Logic cells                     ; 40        ;
; Total combinational functions   ; 26        ;
; Total 4-input functions         ; 12        ;
; Total 3-input functions         ; 0         ;
; Total 2-input functions         ; 14        ;
; Total 1-input functions         ; 0         ;
; Total 0-input functions         ; 0         ;
; Combinational cells for routing ; 0         ;
; Total registers                 ; 28        ;
; I/O pins                        ; 15        ;
; Maximum fan-out node            ; B         ;
; Maximum fan-out                 ; 12        ;
; Total fan-out                   ; 135       ;
; Average fan-out                 ; 2.45      ;
+---------------------------------+-----------+


+----------------------------------------------------------------+
; WYSIWYG Cells                                                  ;
+--------------------------------------------------------+-------+
; Statistic                                              ; Value ;
+--------------------------------------------------------+-------+
; Number of WYSIWYG cells                                ; 0     ;
; Number of synthesis-generated cells                    ; 40    ;
; Number of WYSIWYG LUTs                                 ; 0     ;
; Number of synthesis-generated LUTs                     ; 26    ;
; Number of WYSIWYG registers                            ; 0     ;
; Number of synthesis-generated registers                ; 28    ;
; Number of cells with combinational logic only          ; 12    ;
; Number of cells with registers only                    ; 14    ;
; Number of cells with combinational logic and registers ; 14    ;
+--------------------------------------------------------+-------+


+------------------------------------------------------+
; General Register Statistics                          ;
+----------------------------------------------+-------+
; Statistic                                    ; Value ;
+----------------------------------------------+-------+
; Total registers                              ; 28    ;
; Number of registers using Synchronous Clear  ; 0     ;
; Number of registers using Synchronous Load   ; 0     ;
; Number of registers using Asynchronous Clear ; 0     ;
; Number of registers using Asynchronous Load  ; 0     ;
; Number of registers using Clock Enable       ; 7     ;
; Number of registers using Output Enable      ; 0     ;
; Number of registers using Preset             ; 0     ;
+----------------------------------------------+-------+


+-------------------------------+
; Analysis & Synthesis Messages ;
+-------------------------------+
Info: *******************************************************************
Info: Running Quartus II Analysis & Synthesis
    Info: Version 4.2 Build 157 12/07/2004 SJ Full Version
    Info: Processing started: Tue Nov 27 18:59:17 2007
Info: Command: quartus_map --import_settings_files=on --export_settings_files=off choose -c choose
Info: Found 1 design units, including 1 entities, in source file choose.bdf
    Info: Found entity 1: choose
Info: Found 1 design units, including 1 entities, in source file choose1.bdf
    Info: Found entity 1: choose1
Warning: Port "GN" of type 74151 and instance "inst1" is missing source signal
Warning: Port "G2AN" of type 74138 and instance "inst2" is missing source signal
Warning: Port "G2BN" of type 74138 and instance "inst2" is missing source signal
Info: Found 1 design units, including 1 entities, in source file c:/altera/quartus42/libraries/others/maxplus2/74138.bdf
    Info: Found entity 1: 74138
Info: Found 1 design units, including 1 entities, in source file c:/altera/quartus42/libraries/others/maxplus2/74151.tdf
    Info: Found entity 1: 74151
Info: Found 1 design units, including 1 entities, in source file c:/altera/quartus42/libraries/others/maxplus2/f74151.bdf
    Info: Found entity 1: f74151
Warning: Port "SET9A" of type 7490 and instance "inst" is missing source signal
Warning: Port "CLRA" of type 7490 and instance "inst" is missing source signal
Warning: Port "SET9B" of type 7490 and instance "inst" is missing source signal
Warning: Port "CLRB" of type 7490 and instance "inst" is missing source signal
Warning: Port "SET9A" of type 7490 and instance "inst1" is missing source signal
Warning: Port "CLRA" of type 7490 and instance "inst1" is missing source signal
Warning: Port "SET9B" of type 7490 and instance "inst1" is missing source signal
Warning: Port "CLRB" of type 7490 and instance "inst1" is missing source signal
Warning: Port "SET9A" of type 7490 and instance "inst2" is missing source signal
Warning: Port "CLRA" of type 7490 and instance "inst2" is missing source signal
Warning: Port "SET9B" of type 7490 and instance "inst2" is missing source signal
Warning: Port "CLRB" of type 7490 and instance "inst2" is missing source signal
Warning: Port "SET9A" of type 7490 and instance "inst3" is missing source signal
Warning: Port "CLRA" of type 7490 and instance "inst3" is missing source signal
Warning: Port "SET9B" of type 7490 and instance "inst3" is missing source signal
Warning: Port "CLRB" of type 7490 and instance "inst3" is missing source signal
Warning: Port "SET9A" of type 7490 and instance "inst4" is missing source signal
Warning: Port "CLRA" of type 7490 and instance "inst4" is missing source signal
Warning: Port "SET9B" of type 7490 and instance "inst4" is missing source signal
Warning: Port "CLRB" of type 7490 and instance "inst4" is missing source signal
Warning: Port "SET9A" of type 7490 and instance "inst5" is missing source signal
Warning: Port "CLRA" of type 7490 and instance "inst5" is missing source signal
Warning: Port "SET9B" of type 7490 and instance "inst5" is missing source signal
Warning: Port "CLRB" of type 7490 and instance "inst5" is missing source signal
Warning: Port "SET9A" of type 7490 and instance "inst6" is missing source signal
Warning: Port "CLRA" of type 7490 and instance "inst6" is missing source signal
Warning: Port "SET9B" of type 7490 and instance "inst6" is missing source signal
Warning: Port "CLRB" of type 7490 and instance "inst6" is missing source signal
Info: Found 1 design units, including 1 entities, in source file c:/altera/quartus42/libraries/others/maxplus2/7490.bdf
    Info: Found entity 1: 7490
Warning: Output pins are stuck at VCC or GND
    Warning: Pin "DE2" stuck at VCC
    Warning: Pin "DE3" stuck at VCC
    Warning: Pin "DE1" stuck at GND
Info: Implemented 55 device resources after synthesis - the final resource count might be different
    Info: Implemented 4 input pins
    Info: Implemented 11 output pins
    Info: Implemented 40 logic cells
Info: Quartus II Analysis & Synthesis was successful. 0 errors, 35 warnings
    Info: Processing ended: Tue Nov 27 18:59:18 2007
    Info: Elapsed time: 00:00:02


